#
# There is insufficient memory for the Java Runtime Environment to continue.
# Native memory allocation (malloc) failed to allocate 1048576 bytes for AllocateHeap
# Possible reasons:
#   The system is out of physical RAM or swap space
#   The process is running with CompressedOops enabled, and the Java Heap may be blocking the growth of the native heap
# Possible solutions:
#   Reduce memory load on the system
#   Increase physical memory or swap space
#   Check if swap backing store is full
#   Decrease Java heap size (-Xmx/-Xms)
#   Decrease number of Java threads
#   Decrease Java thread stack sizes (-Xss)
#   Set larger code cache with -XX:ReservedCodeCacheSize=
#   JVM is running with Unscaled Compressed Oops mode in which the Java heap is
#     placed in the first 4GB address space. The Java Heap base address is the
#     maximum limit for the native heap growth. Please use -XX:HeapBaseMinAddress
#     to set the Java Heap base and to place the Java Heap above 4GB virtual address.
# This output file may be truncated or incomplete.
#
#  Out of Memory Error (memory/allocation.inline.hpp:61), pid=25432, tid=0x0000000000000120
#
# JRE version:  (8.0_381) (build )
# Java VM: Java HotSpot(TM) 64-Bit Server VM (25.381-b09 mixed mode windows-amd64 compressed oops)
# Failed to write core dump. Minidumps are not enabled by default on client versions of Windows
#

---------------  T H R E A D  ---------------

Current thread (0x00000226af795000):  JavaThread "Unknown thread" [_thread_in_vm, id=288, stack(0x0000003e80900000,0x0000003e80a00000)]

Stack: [0x0000003e80900000,0x0000003e80a00000]
Native frames: (J=compiled Java code, j=interpreted, Vv=VM code, C=native code)
V  [jvm.dll+0x353039]
V  [jvm.dll+0x290052]
V  [jvm.dll+0x290c1d]
V  [jvm.dll+0x285255]
V  [jvm.dll+0x502d]
V  [jvm.dll+0x3f0202]
V  [jvm.dll+0x3f0f77]
V  [jvm.dll+0x3ecd67]
V  [jvm.dll+0x1058ff]
V  [jvm.dll+0x21b25b]
V  [jvm.dll+0x24c09a]
V  [jvm.dll+0x16d436]
C  [javaw.exe+0x2422]
C  [javaw.exe+0x16be0]
C  [KERNEL32.DLL+0x17344]
C  [ntdll.dll+0x526b1]


---------------  P R O C E S S  ---------------

Java Threads: ( => current thread )

Other Threads:

=>0x00000226af795000 (exited) JavaThread "Unknown thread" [_thread_in_vm, id=288, stack(0x0000003e80900000,0x0000003e80a00000)]

VM state:not at safepoint (normal execution)

VM Mutex/Monitor currently owned by a thread: None

heap address: 0x00000000ff000000, size: 16 MB, Compressed Oops mode: 32-bit
Narrow klass base: 0x0000000000000000, Narrow klass shift: 3
Compressed class space size: 1073741824 Address: 0x0000000100000000

Heap:
 PSYoungGen      total 4608K, used 81K [0x00000000ffb00000, 0x0000000100000000, 0x0000000100000000)
  eden space 4096K, 2% used [0x00000000ffb00000,0x00000000ffb147b8,0x00000000fff00000)
  from space 512K, 0% used [0x00000000fff80000,0x00000000fff80000,0x0000000100000000)
  to   space 512K, 0% used [0x00000000fff00000,0x00000000fff00000,0x00000000fff80000)
 ParOldGen       total 11264K, used 0K [0x00000000ff000000, 0x00000000ffb00000, 0x00000000ffb00000)
  object space 11264K, 0% used [0x00000000ff000000,0x00000000ff000000,0x00000000ffb00000)
 Metaspace       used 751K, capacity 4480K, committed 4480K, reserved 1056768K
  class space    used 76K, capacity 384K, committed 384K, reserved 1048576K

Card table byte_map: [0x00000226afa50000,0x00000226afa60000] byte_map_base: 0x00000226af258000

Marking Bits: (ParMarkBitMap*) 0x00007ffece846040
 Begin Bits: [0x00000226afa70000, 0x00000226afab0000)
 End Bits:   [0x00000226afab0000, 0x00000226afaf0000)

Polling page: 0x00000226afa20000

CodeCache: size=245760Kb used=329Kb max_used=329Kb free=245430Kb
 bounds [0x00000226b12f0000, 0x00000226b1560000, 0x00000226c02f0000]
 total_blobs=58 nmethods=0 adapters=38
 compilation: enabled

Compilation events (0 events):
No events

GC Heap History (0 events):
No events

Deoptimization events (0 events):
No events

Classes redefined (0 events):
No events

Internal exceptions (0 events):
No events

Events (10 events):
Event: 0.029 loading class java/lang/Short
Event: 0.029 loading class java/lang/Short done
Event: 0.029 loading class java/lang/Integer
Event: 0.029 loading class java/lang/Integer done
Event: 0.029 loading class java/lang/Long
Event: 0.029 loading class java/lang/Long done
Event: 0.030 loading class java/lang/NullPointerException
Event: 0.030 loading class java/lang/NullPointerException done
Event: 0.030 loading class java/lang/ArithmeticException
Event: 0.030 loading class java/lang/ArithmeticException done


Dynamic libraries:
0x00007ff79c900000 - 0x00007ff79c94a000 	C:\Program Files\Java\jre-1.8\bin\javaw.exe
0x00007fff715d0000 - 0x00007fff717c8000 	C:\WINDOWS\SYSTEM32\ntdll.dll
0x00007fff714d0000 - 0x00007fff7158d000 	C:\WINDOWS\System32\KERNEL32.DLL
0x00007fff6eeb0000 - 0x00007fff6f1a6000 	C:\WINDOWS\System32\KERNELBASE.dll
0x00007fff70a80000 - 0x00007fff70b2f000 	C:\WINDOWS\System32\ADVAPI32.dll
0x00007fff701f0000 - 0x00007fff7028e000 	C:\WINDOWS\System32\msvcrt.dll
0x00007fff6fef0000 - 0x00007fff6ff8c000 	C:\WINDOWS\System32\sechost.dll
0x00007fff6fc20000 - 0x00007fff6fd46000 	C:\WINDOWS\System32\RPCRT4.dll
0x00007fff6f630000 - 0x00007fff6f7ce000 	C:\WINDOWS\System32\USER32.dll
0x00007fff6f560000 - 0x00007fff6f582000 	C:\WINDOWS\System32\win32u.dll
0x00007fff714a0000 - 0x00007fff714cc000 	C:\WINDOWS\System32\GDI32.dll
0x00007fff6f340000 - 0x00007fff6f45a000 	C:\WINDOWS\System32\gdi32full.dll
0x00007fff6f590000 - 0x00007fff6f62d000 	C:\WINDOWS\System32\msvcp_win.dll
0x00007fff6ed40000 - 0x00007fff6ee40000 	C:\WINDOWS\System32\ucrtbase.dll
0x00007fff4dbe0000 - 0x00007fff4de7a000 	C:\WINDOWS\WinSxS\amd64_microsoft.windows.common-controls_6595b64144ccf1df_6.0.19041.3636_none_60b6a03d71f818d5\COMCTL32.dll
0x00007fff702a0000 - 0x00007fff702d0000 	C:\WINDOWS\System32\IMM32.DLL
0x00007fff31660000 - 0x00007fff3167b000 	C:\Program Files\Java\jre-1.8\bin\vcruntime140.dll
0x00007fff34400000 - 0x00007fff3440c000 	C:\Program Files\Java\jre-1.8\bin\vcruntime140_1.dll
0x00007fff06f70000 - 0x00007fff06ffe000 	C:\Program Files\Java\jre-1.8\bin\msvcp140.dll
0x00007ffece010000 - 0x00007ffece8c0000 	C:\Program Files\Java\jre-1.8\bin\server\jvm.dll
0x00007fff6ff90000 - 0x00007fff6ff98000 	C:\WINDOWS\System32\PSAPI.DLL
0x00007fff50050000 - 0x00007fff50077000 	C:\WINDOWS\SYSTEM32\WINMM.dll
0x00007fff67eb0000 - 0x00007fff67eb9000 	C:\WINDOWS\SYSTEM32\WSOCK32.dll
0x00007fff598f0000 - 0x00007fff598fa000 	C:\WINDOWS\SYSTEM32\VERSION.dll
0x00007fff700b0000 - 0x00007fff7011b000 	C:\WINDOWS\System32\WS2_32.dll
0x00007fff6d4c0000 - 0x00007fff6d4d2000 	C:\WINDOWS\SYSTEM32\kernel.appcore.dll
0x00007fff327e0000 - 0x00007fff327f0000 	C:\Program Files\Java\jre-1.8\bin\verify.dll
0x00007fff2f5f0000 - 0x00007fff2f61b000 	C:\Program Files\Java\jre-1.8\bin\java.dll
0x00007fff2fd40000 - 0x00007fff2fd58000 	C:\Program Files\Java\jre-1.8\bin\zip.dll
0x00007fff6ca40000 - 0x00007fff6cc24000 	C:\WINDOWS\SYSTEM32\dbghelp.dll
0x00007fff6ecb0000 - 0x00007fff6ed32000 	C:\WINDOWS\System32\bcryptPrimitives.dll

VM Arguments:
jvm_args: -Xmx16m 
java_command: org.eclipse.jdt.internal.launching.support.LibraryDetector
java_class_path (initial): C:\Users\doanh\AppData\Roaming\Code\User\globalStorage\redhat.java\1.26.2023120108\config_ss_win\org.eclipse.osgi\37\0\.cp\lib\launchingsupport.jar
Launcher Type: SUN_STANDARD

Environment Variables:
PATH=C:\ProgramData\Oracle\Java\javapath;C:\Program Files\Java\jdk-17.0.1\bin;C:\Program Files\Common Files\Oracle\Java\javapath;C:\Program Files (x86)\Common Files\Oracle\Java\javapath;C:\Windows\system32;C:\Windows;C:\Windows\System32\Wbem;C:\Windows\System32\WindowsPowerShell\v1.0\;C:\Windows\System32\OpenSSH\;C:\Program Files (x86)\NVIDIA Corporation\PhysX\Common;C:\Program Files\NVIDIA Corporation\NVIDIA NvDLISR;C:\WINDOWS\system32;C:\WINDOWS;C:\WINDOWS\System32\Wbem;C:\WINDOWS\System32\WindowsPowerShell\v1.0\;C:\WINDOWS\System32\OpenSSH\;C:\MinGW\bin;C:\Program Files\Microsoft SQL Server\Client SDK\ODBC\170\Tools\Binn\;C:\Program Files (x86)\Microsoft SQL Server\150\Tools\Binn\;C:\Program Files\Microsoft SQL Server\150\Tools\Binn\;C:\Program Files\Microsoft SQL Server\150\DTS\Binn\;C:\Program Files (x86)\Microsoft SQL Server\160\DTS\Binn\;C:\Program Files\Git\cmd;C:\Program Files\nodejs\;C:\Program Files\Docker\Docker\resources\bin;D:\flutter\bin;C:\Users\doanh\AppData\Local\Programs\Microsoft VS Code\bin
USERNAME=doanh
OS=Windows_NT
PROCESSOR_IDENTIFIER=Intel64 Family 6 Model 141 Stepping 1, GenuineIntel



---------------  S Y S T E M  ---------------

OS: Windows 10 , 64 bit Build 19041 (10.0.19041.3636)

CPU:total 16 (initial active 16) (8 cores per cpu, 2 threads per core) family 6 model 141 stepping 1, cmov, cx8, fxsr, mmx, sse, sse2, sse3, ssse3, sse4.1, sse4.2, popcnt, avx, avx2, aes, clmul, erms, 3dnowpref, lzcnt, ht, tsc, tscinvbit, bmi1, bmi2, adx

Memory: 4k page, physical 8146232k(205964k free), swap 33312056k(4604k free)

vm_info: Java HotSpot(TM) 64-Bit Server VM (25.381-b09) for windows-amd64 JRE (1.8.0_381-b09), built on Jun 14 2023 13:50:38 by "java_re" with MS VC++ 17.1 (VS2022)

time: Tue Dec  5 12:25:14 2023
timezone: SE Asia Standard Time
elapsed time: 0.065461 seconds (0d 0h 0m 0s)

