#
# There is insufficient memory for the Java Runtime Environment to continue.
# Native memory allocation (malloc) failed to allocate 753296 bytes for Chunk::new
# Possible reasons:
#   The system is out of physical RAM or swap space
#   The process is running with CompressedOops enabled, and the Java Heap may be blocking the growth of the native heap
# Possible solutions:
#   Reduce memory load on the system
#   Increase physical memory or swap space
#   Check if swap backing store is full
#   Decrease Java heap size (-Xmx/-Xms)
#   Decrease number of Java threads
#   Decrease Java thread stack sizes (-Xss)
#   Set larger code cache with -XX:ReservedCodeCacheSize=
#   JVM is running with Unscaled Compressed Oops mode in which the Java heap is
#     placed in the first 4GB address space. The Java Heap base address is the
#     maximum limit for the native heap growth. Please use -XX:HeapBaseMinAddress
#     to set the Java Heap base and to place the Java Heap above 4GB virtual address.
# This output file may be truncated or incomplete.
#
#  Out of Memory Error (arena.cpp:191), pid=11272, tid=12256
#
# JRE version: OpenJDK Runtime Environment Temurin-17.0.9+9 (17.0.9+9) (build 17.0.9+9)
# Java VM: OpenJDK 64-Bit Server VM Temurin-17.0.9+9 (17.0.9+9, mixed mode, tiered, compressed oops, compressed class ptrs, parallel gc, windows-amd64)
# No core dump will be written. Minidumps are not enabled by default on client versions of Windows
#

---------------  S U M M A R Y ------------

Command Line: --add-modules=ALL-SYSTEM --add-opens=java.base/java.util=ALL-UNNAMED --add-opens=java.base/java.lang=ALL-UNNAMED --add-opens=java.base/sun.nio.fs=ALL-UNNAMED -Declipse.application=org.eclipse.jdt.ls.core.id1 -Dosgi.bundles.defaultStartLevel=4 -Declipse.product=org.eclipse.jdt.ls.core.product -Djava.import.generatesMetadataFilesAtProjectRoot=false -DDetectVMInstallationsJob.disabled=true -Dfile.encoding=utf8 -XX:+UseParallelGC -XX:GCTimeRatio=4 -XX:AdaptiveSizePolicyWeight=90 -Dsun.zip.disableMemoryMapping=true -Xmx1G -Xms100m -Xlog:disable -javaagent:c:\Users\doanh\.vscode\extensions\redhat.java-1.26.2023120108-win32-x64\lombok\lombok-1.18.30.jar c:\Users\doanh\.vscode\extensions\redhat.java-1.26.2023120108-win32-x64\server\plugins\org.eclipse.equinox.launcher_1.6.600.v20231012-1237.jar -configuration c:\Users\doanh\AppData\Roaming\Code\User\globalStorage\redhat.java\1.26.2023120108\config_ss_win -data c:\Users\doanh\AppData\Roaming\Code\User\workspaceStorage\43db21470ae4ab1f23d540cffe5cbeaf\redhat.java\ss_ws --pipe=\\.\pipe\lsp-c08070d99b75458304806e31b0635b0e-sock

Host: 11th Gen Intel(R) Core(TM) i7-11800H @ 2.30GHz, 16 cores, 7G,  Windows 10 , 64 bit Build 19041 (10.0.19041.3636)
Time: Tue Dec  5 12:25:14 2023 SE Asia Standard Time elapsed time: 7.748447 seconds (0d 0h 0m 7s)

---------------  T H R E A D  ---------------

Current thread (0x000002ceef53b1c0):  JavaThread "C2 CompilerThread0" daemon [_thread_in_native, id=12256, stack(0x000000ec07500000,0x000000ec07600000)]


Current CompileTask:
C2:   7748 3816       4       jdk.internal.jimage.ImageLocation::getFullName (109 bytes)

Stack: [0x000000ec07500000,0x000000ec07600000]
Native frames: (J=compiled Java code, j=interpreted, Vv=VM code, C=native code)
V  [jvm.dll+0x67cf49]
V  [jvm.dll+0x83478a]
V  [jvm.dll+0x83624e]
V  [jvm.dll+0x8368b3]
V  [jvm.dll+0x247f1f]
V  [jvm.dll+0xac43c]
V  [jvm.dll+0xaca8c]
V  [jvm.dll+0x367067]
V  [jvm.dll+0x3313ba]
V  [jvm.dll+0x33085a]
V  [jvm.dll+0x21a5b1]
V  [jvm.dll+0x2199d1]
V  [jvm.dll+0x1a57cd]
V  [jvm.dll+0x2297ae]
V  [jvm.dll+0x22797c]
V  [jvm.dll+0x7e9877]
V  [jvm.dll+0x7e3c3a]
V  [jvm.dll+0x67be35]
C  [ucrtbase.dll+0x21bb2]
C  [KERNEL32.DLL+0x17344]
C  [ntdll.dll+0x526b1]


---------------  P R O C E S S  ---------------

Threads class SMR info:
_java_thread_list=0x000002cef2138be0, length=43, elements={
0x000002ced62fdb00, 0x000002ced63b8d10, 0x000002ced63bdfe0, 0x000002ceea1990f0,
0x000002ceea199bc0, 0x000002ceea19d250, 0x000002ceea19ea10, 0x000002ceef53b1c0,
0x000002ceef53c320, 0x000002ceef53cc30, 0x000002ceef66e8a0, 0x000002cef142e830,
0x000002cef1a572a0, 0x000002cef19e4350, 0x000002cef1d30a40, 0x000002cef1e4d730,
0x000002cef1b05f60, 0x000002cef1b76020, 0x000002cef1dec000, 0x000002cef1dec510,
0x000002cef1ded950, 0x000002cef1decf30, 0x000002cef1ded440, 0x000002cef1dede60,
0x000002cef1deca20, 0x000002cef1dee370, 0x000002cef1dee880, 0x000002cef1deb5e0,
0x000002cef1debaf0, 0x000002cef18694d0, 0x000002cef186d190, 0x000002cef1868fc0,
0x000002cef186b840, 0x000002cef186b330, 0x000002cef186d6a0, 0x000002cef186eae0,
0x000002cef1868090, 0x000002cef186e0c0, 0x000002cef186eff0, 0x000002cef186f500,
0x000002cef186bd50, 0x000002cef186fa10, 0x000002cef18685a0
}

Java Threads: ( => current thread )
  0x000002ced62fdb00 JavaThread "main" [_thread_blocked, id=22720, stack(0x000000ec06c00000,0x000000ec06d00000)]
  0x000002ced63b8d10 JavaThread "Reference Handler" daemon [_thread_blocked, id=9344, stack(0x000000ec06f00000,0x000000ec07000000)]
  0x000002ced63bdfe0 JavaThread "Finalizer" daemon [_thread_blocked, id=23500, stack(0x000000ec07000000,0x000000ec07100000)]
  0x000002ceea1990f0 JavaThread "Signal Dispatcher" daemon [_thread_blocked, id=23716, stack(0x000000ec07100000,0x000000ec07200000)]
  0x000002ceea199bc0 JavaThread "Attach Listener" daemon [_thread_blocked, id=23576, stack(0x000000ec07200000,0x000000ec07300000)]
  0x000002ceea19d250 JavaThread "Service Thread" daemon [_thread_blocked, id=22264, stack(0x000000ec07300000,0x000000ec07400000)]
  0x000002ceea19ea10 JavaThread "Monitor Deflation Thread" daemon [_thread_blocked, id=21440, stack(0x000000ec07400000,0x000000ec07500000)]
=>0x000002ceef53b1c0 JavaThread "C2 CompilerThread0" daemon [_thread_in_native, id=12256, stack(0x000000ec07500000,0x000000ec07600000)]
  0x000002ceef53c320 JavaThread "C1 CompilerThread0" daemon [_thread_blocked, id=2884, stack(0x000000ec07600000,0x000000ec07700000)]
  0x000002ceef53cc30 JavaThread "Sweeper thread" daemon [_thread_blocked, id=24416, stack(0x000000ec07700000,0x000000ec07800000)]
  0x000002ceef66e8a0 JavaThread "Common-Cleaner" daemon [_thread_blocked, id=8116, stack(0x000000ec07800000,0x000000ec07900000)]
  0x000002cef142e830 JavaThread "Notification Thread" daemon [_thread_blocked, id=2460, stack(0x000000ec07900000,0x000000ec07a00000)]
  0x000002cef1a572a0 JavaThread "Active Thread: Equinox Container: 1fb3e4a3-51b9-4187-b5da-3dcf4f7c7132" [_thread_blocked, id=20260, stack(0x000000ec08100000,0x000000ec08200000)]
  0x000002cef19e4350 JavaThread "Framework Event Dispatcher: Equinox Container: 1fb3e4a3-51b9-4187-b5da-3dcf4f7c7132" daemon [_thread_blocked, id=21000, stack(0x000000ec08200000,0x000000ec08300000)]
  0x000002cef1d30a40 JavaThread "Start Level: Equinox Container: 1fb3e4a3-51b9-4187-b5da-3dcf4f7c7132" daemon [_thread_blocked, id=21024, stack(0x000000ec08300000,0x000000ec08400000)]
  0x000002cef1e4d730 JavaThread "SCR Component Actor" daemon [_thread_blocked, id=24900, stack(0x000000ec08400000,0x000000ec08500000)]
  0x000002cef1b05f60 JavaThread "SCR Component Registry" daemon [_thread_blocked, id=15068, stack(0x000000ec08600000,0x000000ec08700000)]
  0x000002cef1b76020 JavaThread "C1 CompilerThread1" daemon [_thread_blocked, id=10612, stack(0x000000ec08700000,0x000000ec08800000)]
  0x000002cef1dec000 JavaThread "Worker-JM" [_thread_blocked, id=11188, stack(0x000000ec08800000,0x000000ec08900000)]
  0x000002cef1dec510 JavaThread "Worker-0: Initialize Workspace" [_thread_in_Java, id=11824, stack(0x000000ec08b00000,0x000000ec08c00000)]
  0x000002cef1ded950 JavaThread "Worker-1" [_thread_blocked, id=21620, stack(0x000000ec08c00000,0x000000ec08d00000)]
  0x000002cef1decf30 JavaThread "JNA Cleaner" daemon [_thread_blocked, id=15240, stack(0x000000ec09000000,0x000000ec09100000)]
  0x000002cef1ded440 JavaThread "Thread-3" daemon [_thread_in_native, id=10388, stack(0x000000ec09100000,0x000000ec09200000)]
  0x000002cef1dede60 JavaThread "Thread-4" daemon [_thread_in_native, id=18008, stack(0x000000ec09200000,0x000000ec09300000)]
  0x000002cef1deca20 JavaThread "Thread-5" daemon [_thread_in_native, id=14880, stack(0x000000ec09300000,0x000000ec09400000)]
  0x000002cef1dee370 JavaThread "Thread-6" daemon [_thread_in_native, id=9820, stack(0x000000ec09400000,0x000000ec09500000)]
  0x000002cef1dee880 JavaThread "Thread-7" daemon [_thread_in_native, id=25552, stack(0x000000ec09500000,0x000000ec09600000)]
  0x000002cef1deb5e0 JavaThread "Thread-8" daemon [_thread_in_native, id=10076, stack(0x000000ec09600000,0x000000ec09700000)]
  0x000002cef1debaf0 JavaThread "Thread-9" daemon [_thread_in_native, id=24908, stack(0x000000ec09700000,0x000000ec09800000)]
  0x000002cef18694d0 JavaThread "Thread-10" daemon [_thread_in_native, id=17836, stack(0x000000ec09800000,0x000000ec09900000)]
  0x000002cef186d190 JavaThread "Thread-11" daemon [_thread_in_native, id=24724, stack(0x000000ec09900000,0x000000ec09a00000)]
  0x000002cef1868fc0 JavaThread "Thread-12" daemon [_thread_in_native, id=10256, stack(0x000000ec09a00000,0x000000ec09b00000)]
  0x000002cef186b840 JavaThread "Thread-13" daemon [_thread_in_native, id=25540, stack(0x000000ec09b00000,0x000000ec09c00000)]
  0x000002cef186b330 JavaThread "Thread-14" daemon [_thread_in_native, id=4572, stack(0x000000ec09c00000,0x000000ec09d00000)]
  0x000002cef186d6a0 JavaThread "Thread-15" daemon [_thread_in_native, id=21896, stack(0x000000ec09d00000,0x000000ec09e00000)]
  0x000002cef186eae0 JavaThread "Thread-16" daemon [_thread_in_native, id=10984, stack(0x000000ec09e00000,0x000000ec09f00000)]
  0x000002cef1868090 JavaThread "Thread-17" daemon [_thread_in_native, id=25264, stack(0x000000ec09f00000,0x000000ec0a000000)]
  0x000002cef186e0c0 JavaThread "Thread-18" daemon [_thread_in_native, id=15644, stack(0x000000ec0a000000,0x000000ec0a100000)]
  0x000002cef186eff0 JavaThread "Thread-19" daemon [_thread_in_native, id=21844, stack(0x000000ec0a100000,0x000000ec0a200000)]
  0x000002cef186f500 JavaThread "pool-2-thread-1" [_thread_blocked, id=7800, stack(0x000000ec0a200000,0x000000ec0a300000)]
  0x000002cef186bd50 JavaThread "WorkspaceEventsHandler" [_thread_blocked, id=8568, stack(0x000000ec0a300000,0x000000ec0a400000)]
  0x000002cef186fa10 JavaThread "pool-1-thread-1" [_thread_blocked, id=22140, stack(0x000000ec0a400000,0x000000ec0a500000)]
  0x000002cef18685a0 JavaThread "Worker-2" [_thread_blocked, id=2064, stack(0x000000ec0a500000,0x000000ec0a600000)]

Other Threads:
  0x000002ced419ec90 VMThread "VM Thread" [stack: 0x000000ec06e00000,0x000000ec06f00000] [id=24404]
  0x000002cef1549800 WatcherThread [stack: 0x000000ec07a00000,0x000000ec07b00000] [id=10780]
  0x000002ced6316670 GCTaskThread "GC Thread#0" [stack: 0x000000ec06d00000,0x000000ec06e00000] [id=22512]
  0x000002cef19558e0 GCTaskThread "GC Thread#1" [stack: 0x000000ec07b00000,0x000000ec07c00000] [id=19784]
  0x000002cef190a470 GCTaskThread "GC Thread#2" [stack: 0x000000ec07c00000,0x000000ec07d00000] [id=24288]
  0x000002cef190a730 GCTaskThread "GC Thread#3" [stack: 0x000000ec07d00000,0x000000ec07e00000] [id=24392]
  0x000002cef190a9f0 GCTaskThread "GC Thread#4" [stack: 0x000000ec07e00000,0x000000ec07f00000] [id=25412]
  0x000002cef1900030 GCTaskThread "GC Thread#5" [stack: 0x000000ec07f00000,0x000000ec08000000] [id=9996]
  0x000002cef19002f0 GCTaskThread "GC Thread#6" [stack: 0x000000ec08000000,0x000000ec08100000] [id=23188]
  0x000002cef1b05060 GCTaskThread "GC Thread#7" [stack: 0x000000ec08500000,0x000000ec08600000] [id=21268]
  0x000002cef1de6d30 GCTaskThread "GC Thread#8" [stack: 0x000000ec08900000,0x000000ec08a00000] [id=25520]
  0x000002cef201f300 GCTaskThread "GC Thread#9" [stack: 0x000000ec08a00000,0x000000ec08b00000] [id=4848]
  0x000002cef20d9d00 GCTaskThread "GC Thread#10" [stack: 0x000000ec08d00000,0x000000ec08e00000] [id=20980]
  0x000002cef1f125d0 GCTaskThread "GC Thread#11" [stack: 0x000000ec08e00000,0x000000ec08f00000] [id=14924]
  0x000002cef23ccb40 GCTaskThread "GC Thread#12" [stack: 0x000000ec08f00000,0x000000ec09000000] [id=21552]

Threads with active compile tasks:
C2 CompilerThread0     7768 3816       4       jdk.internal.jimage.ImageLocation::getFullName (109 bytes)

VM state: not at safepoint (normal execution)

VM Mutex/Monitor currently owned by a thread: None

Heap address: 0x00000000c0000000, size: 1024 MB, Compressed Oops mode: 32-bit

CDS archive(s) not mapped
Compressed class space mapped at: 0x0000000100000000-0x0000000140000000, reserved size: 1073741824
Narrow klass base: 0x0000000000000000, Narrow klass shift: 3, Narrow klass range: 0x140000000

GC Precious Log:
 CPUs: 16 total, 16 available
 Memory: 7955M
 Large Page Support: Disabled
 NUMA Support: Disabled
 Compressed Oops: Enabled (32-bit)
 Alignments: Space 512K, Generation 512K, Heap 2M
 Heap Min Capacity: 100M
 Heap Initial Capacity: 100M
 Heap Max Capacity: 1G
 Pre-touch: Disabled
 Parallel Workers: 13

Heap:
 PSYoungGen      total 25600K, used 17426K [0x00000000eab00000, 0x00000000ec680000, 0x0000000100000000)
  eden space 23040K, 64% used [0x00000000eab00000,0x00000000eb984900,0x00000000ec180000)
  from space 2560K, 100% used [0x00000000ec400000,0x00000000ec680000,0x00000000ec680000)
  to   space 2048K, 0% used [0x00000000ec200000,0x00000000ec200000,0x00000000ec400000)
 ParOldGen       total 68608K, used 17513K [0x00000000c0000000, 0x00000000c4300000, 0x00000000eab00000)
  object space 68608K, 25% used [0x00000000c0000000,0x00000000c111a428,0x00000000c4300000)
 Metaspace       used 37787K, committed 38592K, reserved 1114112K
  class space    used 3852K, committed 4224K, reserved 1048576K

Card table byte_map: [0x000002ced5ca0000,0x000002ced5eb0000] _byte_map_base: 0x000002ced56a0000

Marking Bits: (ParMarkBitMap*) 0x00007ffed017d0b0
 Begin Bits: [0x000002cee7fa0000, 0x000002cee8fa0000)
 End Bits:   [0x000002cee8fa0000, 0x000002cee9fa0000)

Polling page: 0x000002ced42d0000

Metaspace:

Usage:
  Non-class:     33.14 MB used.
      Class:      3.76 MB used.
       Both:     36.90 MB used.

Virtual space:
  Non-class space:       64.00 MB reserved,      33.56 MB ( 52%) committed,  1 nodes.
      Class space:        1.00 GB reserved,       4.12 MB ( <1%) committed,  1 nodes.
             Both:        1.06 GB reserved,      37.69 MB (  3%) committed. 

Chunk freelists:
   Non-Class:  14.36 MB
       Class:  11.86 MB
        Both:  26.22 MB

MaxMetaspaceSize: unlimited
CompressedClassSpaceSize: 1.00 GB
Initial GC threshold: 21.00 MB
Current GC threshold: 58.38 MB
CDS: off
MetaspaceReclaimPolicy: balanced
 - commit_granule_bytes: 65536.
 - commit_granule_words: 8192.
 - virtual_space_node_default_size: 8388608.
 - enlarge_chunks_in_place: 1.
 - new_chunks_are_fully_committed: 0.
 - uncommit_free_chunks: 1.
 - use_allocation_guard: 0.
 - handle_deallocations: 1.


Internal statistics:

num_allocs_failed_limit: 6.
num_arena_births: 348.
num_arena_deaths: 14.
num_vsnodes_births: 2.
num_vsnodes_deaths: 0.
num_space_committed: 603.
num_space_uncommitted: 0.
num_chunks_returned_to_freelist: 20.
num_chunks_taken_from_freelist: 1498.
num_chunk_merges: 7.
num_chunk_splits: 971.
num_chunks_enlarged: 662.
num_inconsistent_stats: 0.

CodeHeap 'non-profiled nmethods': size=119168Kb used=1522Kb max_used=1522Kb free=117645Kb
 bounds [0x000002cee0b40000, 0x000002cee0db0000, 0x000002cee7fa0000]
CodeHeap 'profiled nmethods': size=119104Kb used=8129Kb max_used=8129Kb free=110974Kb
 bounds [0x000002ced8fa0000, 0x000002ced97a0000, 0x000002cee03f0000]
CodeHeap 'non-nmethods': size=7488Kb used=1854Kb max_used=1881Kb free=5633Kb
 bounds [0x000002cee03f0000, 0x000002cee0660000, 0x000002cee0b40000]
 total_blobs=4530 nmethods=3928 adapters=515
 compilation: enabled
              stopped_count=0, restarted_count=0
 full_count=0

Compilation events (20 events):
Event: 7.715 Thread 0x000002cef1b76020 3969       1       org.eclipse.jdt.internal.core.NamedMember::getElementName (5 bytes)
Event: 7.715 Thread 0x000002cef1b76020 nmethod 3969 0x000002cee0cb8d10 code [0x000002cee0cb8ea0, 0x000002cee0cb8f78]
Event: 7.717 Thread 0x000002ceef53b1c0 nmethod 3900 0x000002cee0cb9010 code [0x000002cee0cb91c0, 0x000002cee0cb9918]
Event: 7.717 Thread 0x000002ceef53b1c0 3897       4       java.lang.AbstractStringBuilder::isLatin1 (19 bytes)
Event: 7.717 Thread 0x000002ceef53b1c0 nmethod 3897 0x000002cee0cb9d90 code [0x000002cee0cb9f00, 0x000002cee0cb9f98]
Event: 7.717 Thread 0x000002ceef53b1c0 3899       4       java.util.HashMap::get (19 bytes)
Event: 7.718 Thread 0x000002cef1b76020 3970       2       sun.nio.fs.WindowsPath::isEmpty (8 bytes)
Event: 7.718 Thread 0x000002cef1b76020 nmethod 3970 0x000002ced978f490 code [0x000002ced978f620, 0x000002ced978f758]
Event: 7.719 Thread 0x000002ceef53c320 3972   !   2       java.lang.Class::getEnumConstantsShared (71 bytes)
Event: 7.719 Thread 0x000002ceef53c320 nmethod 3972 0x000002ced978f810 code [0x000002ced978fa60, 0x000002ced97900f8]
Event: 7.723 Thread 0x000002ceef53b1c0 nmethod 3899 0x000002cee0cba090 code [0x000002cee0cba240, 0x000002cee0cba998]
Event: 7.723 Thread 0x000002ceef53b1c0 3847       4       org.eclipse.jdt.internal.compiler.util.Util::isClassFileName (82 bytes)
Event: 7.726 Thread 0x000002ceef53b1c0 nmethod 3847 0x000002cee0cbae10 code [0x000002cee0cbafa0, 0x000002cee0cbb188]
Event: 7.726 Thread 0x000002ceef53b1c0 3841       4       org.eclipse.jdt.internal.core.util.Util::equalArraysOrNull (72 bytes)
Event: 7.728 Thread 0x000002ceef53b1c0 nmethod 3841 0x000002cee0cbb390 code [0x000002cee0cbb520, 0x000002cee0cbb818]
Event: 7.728 Thread 0x000002ceef53b1c0 3846       4       java.util.stream.StreamSpliterators$AbstractWrappingSpliterator::fillBuffer (64 bytes)
Event: 7.733 Thread 0x000002ceef53b1c0 nmethod 3846 0x000002cee0cbba10 code [0x000002cee0cbbc00, 0x000002cee0cbc158]
Event: 7.733 Thread 0x000002ceef53b1c0 3896       4       java.util.stream.SpinedBuffer::clear (88 bytes)
Event: 7.733 Thread 0x000002ceef53b1c0 nmethod 3896 0x000002cee0cbc890 code [0x000002cee0cbca00, 0x000002cee0cbcaf8]
Event: 7.733 Thread 0x000002ceef53b1c0 3816       4       jdk.internal.jimage.ImageLocation::getFullName (109 bytes)

GC Heap History (20 events):
Event: 5.249 GC heap before
{Heap before GC invocations=4 (full 0):
 PSYoungGen      total 29696K, used 9482K [0x00000000eab00000, 0x00000000ecc00000, 0x0000000100000000)
  eden space 25600K, 21% used [0x00000000eab00000,0x00000000eb045948,0x00000000ec400000)
  from space 4096K, 99% used [0x00000000ec400000,0x00000000ec7fd158,0x00000000ec800000)
  to   space 4096K, 0% used [0x00000000ec800000,0x00000000ec800000,0x00000000ecc00000)
 ParOldGen       total 68608K, used 2518K [0x00000000c0000000, 0x00000000c4300000, 0x00000000eab00000)
  object space 68608K, 3% used [0x00000000c0000000,0x00000000c0275bc0,0x00000000c4300000)
 Metaspace       used 21050K, committed 21504K, reserved 1114112K
  class space    used 2162K, committed 2368K, reserved 1048576K
}
Event: 5.252 GC heap after
{Heap after GC invocations=4 (full 0):
 PSYoungGen      total 29696K, used 4064K [0x00000000eab00000, 0x00000000ecc00000, 0x0000000100000000)
  eden space 25600K, 0% used [0x00000000eab00000,0x00000000eab00000,0x00000000ec400000)
  from space 4096K, 99% used [0x00000000ec800000,0x00000000ecbf8190,0x00000000ecc00000)
  to   space 4096K, 0% used [0x00000000ec400000,0x00000000ec400000,0x00000000ec800000)
 ParOldGen       total 68608K, used 2935K [0x00000000c0000000, 0x00000000c4300000, 0x00000000eab00000)
  object space 68608K, 4% used [0x00000000c0000000,0x00000000c02dddd8,0x00000000c4300000)
 Metaspace       used 21050K, committed 21504K, reserved 1114112K
  class space    used 2162K, committed 2368K, reserved 1048576K
}
Event: 5.252 GC heap before
{Heap before GC invocations=5 (full 1):
 PSYoungGen      total 29696K, used 4064K [0x00000000eab00000, 0x00000000ecc00000, 0x0000000100000000)
  eden space 25600K, 0% used [0x00000000eab00000,0x00000000eab00000,0x00000000ec400000)
  from space 4096K, 99% used [0x00000000ec800000,0x00000000ecbf8190,0x00000000ecc00000)
  to   space 4096K, 0% used [0x00000000ec400000,0x00000000ec400000,0x00000000ec800000)
 ParOldGen       total 68608K, used 2935K [0x00000000c0000000, 0x00000000c4300000, 0x00000000eab00000)
  object space 68608K, 4% used [0x00000000c0000000,0x00000000c02dddd8,0x00000000c4300000)
 Metaspace       used 21050K, committed 21504K, reserved 1114112K
  class space    used 2162K, committed 2368K, reserved 1048576K
}
Event: 5.266 GC heap after
{Heap after GC invocations=5 (full 1):
 PSYoungGen      total 29696K, used 0K [0x00000000eab00000, 0x00000000ecc00000, 0x0000000100000000)
  eden space 25600K, 0% used [0x00000000eab00000,0x00000000eab00000,0x00000000ec400000)
  from space 4096K, 0% used [0x00000000ec800000,0x00000000ec800000,0x00000000ecc00000)
  to   space 4096K, 0% used [0x00000000ec400000,0x00000000ec400000,0x00000000ec800000)
 ParOldGen       total 68608K, used 6734K [0x00000000c0000000, 0x00000000c4300000, 0x00000000eab00000)
  object space 68608K, 9% used [0x00000000c0000000,0x00000000c0693ba8,0x00000000c4300000)
 Metaspace       used 21037K, committed 21504K, reserved 1114112K
  class space    used 2158K, committed 2368K, reserved 1048576K
}
Event: 5.441 GC heap before
{Heap before GC invocations=6 (full 1):
 PSYoungGen      total 29696K, used 25600K [0x00000000eab00000, 0x00000000ecc00000, 0x0000000100000000)
  eden space 25600K, 100% used [0x00000000eab00000,0x00000000ec400000,0x00000000ec400000)
  from space 4096K, 0% used [0x00000000ec800000,0x00000000ec800000,0x00000000ecc00000)
  to   space 4096K, 0% used [0x00000000ec400000,0x00000000ec400000,0x00000000ec800000)
 ParOldGen       total 68608K, used 6734K [0x00000000c0000000, 0x00000000c4300000, 0x00000000eab00000)
  object space 68608K, 9% used [0x00000000c0000000,0x00000000c0693ba8,0x00000000c4300000)
 Metaspace       used 24601K, committed 25088K, reserved 1114112K
  class space    used 2415K, committed 2624K, reserved 1048576K
}
Event: 5.442 GC heap after
{Heap after GC invocations=6 (full 1):
 PSYoungGen      total 26112K, used 666K [0x00000000eab00000, 0x00000000ec880000, 0x0000000100000000)
  eden space 25088K, 0% used [0x00000000eab00000,0x00000000eab00000,0x00000000ec380000)
  from space 1024K, 65% used [0x00000000ec400000,0x00000000ec4a6a50,0x00000000ec500000)
  to   space 2560K, 0% used [0x00000000ec600000,0x00000000ec600000,0x00000000ec880000)
 ParOldGen       total 68608K, used 6734K [0x00000000c0000000, 0x00000000c4300000, 0x00000000eab00000)
  object space 68608K, 9% used [0x00000000c0000000,0x00000000c0693ba8,0x00000000c4300000)
 Metaspace       used 24601K, committed 25088K, reserved 1114112K
  class space    used 2415K, committed 2624K, reserved 1048576K
}
Event: 6.088 GC heap before
{Heap before GC invocations=7 (full 1):
 PSYoungGen      total 26112K, used 25754K [0x00000000eab00000, 0x00000000ec880000, 0x0000000100000000)
  eden space 25088K, 100% used [0x00000000eab00000,0x00000000ec380000,0x00000000ec380000)
  from space 1024K, 65% used [0x00000000ec400000,0x00000000ec4a6a50,0x00000000ec500000)
  to   space 2560K, 0% used [0x00000000ec600000,0x00000000ec600000,0x00000000ec880000)
 ParOldGen       total 68608K, used 6734K [0x00000000c0000000, 0x00000000c4300000, 0x00000000eab00000)
  object space 68608K, 9% used [0x00000000c0000000,0x00000000c0693ba8,0x00000000c4300000)
 Metaspace       used 27323K, committed 27776K, reserved 1114112K
  class space    used 2644K, committed 2880K, reserved 1048576K
}
Event: 6.089 GC heap after
{Heap after GC invocations=7 (full 1):
 PSYoungGen      total 26624K, used 1598K [0x00000000eab00000, 0x00000000ec800000, 0x0000000100000000)
  eden space 24576K, 0% used [0x00000000eab00000,0x00000000eab00000,0x00000000ec300000)
  from space 2048K, 78% used [0x00000000ec600000,0x00000000ec78f858,0x00000000ec800000)
  to   space 2048K, 0% used [0x00000000ec400000,0x00000000ec400000,0x00000000ec600000)
 ParOldGen       total 68608K, used 6742K [0x00000000c0000000, 0x00000000c4300000, 0x00000000eab00000)
  object space 68608K, 9% used [0x00000000c0000000,0x00000000c0695ba8,0x00000000c4300000)
 Metaspace       used 27323K, committed 27776K, reserved 1114112K
  class space    used 2644K, committed 2880K, reserved 1048576K
}
Event: 6.728 GC heap before
{Heap before GC invocations=8 (full 1):
 PSYoungGen      total 26624K, used 26174K [0x00000000eab00000, 0x00000000ec800000, 0x0000000100000000)
  eden space 24576K, 100% used [0x00000000eab00000,0x00000000ec300000,0x00000000ec300000)
  from space 2048K, 78% used [0x00000000ec600000,0x00000000ec78f858,0x00000000ec800000)
  to   space 2048K, 0% used [0x00000000ec400000,0x00000000ec400000,0x00000000ec600000)
 ParOldGen       total 68608K, used 6742K [0x00000000c0000000, 0x00000000c4300000, 0x00000000eab00000)
  object space 68608K, 9% used [0x00000000c0000000,0x00000000c0695ba8,0x00000000c4300000)
 Metaspace       used 31759K, committed 32384K, reserved 1114112K
  class space    used 3160K, committed 3456K, reserved 1048576K
}
Event: 6.730 GC heap after
{Heap after GC invocations=8 (full 1):
 PSYoungGen      total 26112K, used 2018K [0x00000000eab00000, 0x00000000ec980000, 0x0000000100000000)
  eden space 24064K, 0% used [0x00000000eab00000,0x00000000eab00000,0x00000000ec280000)
  from space 2048K, 98% used [0x00000000ec400000,0x00000000ec5f8840,0x00000000ec600000)
  to   space 3584K, 0% used [0x00000000ec600000,0x00000000ec600000,0x00000000ec980000)
 ParOldGen       total 68608K, used 7802K [0x00000000c0000000, 0x00000000c4300000, 0x00000000eab00000)
  object space 68608K, 11% used [0x00000000c0000000,0x00000000c079e808,0x00000000c4300000)
 Metaspace       used 31759K, committed 32384K, reserved 1114112K
  class space    used 3160K, committed 3456K, reserved 1048576K
}
Event: 7.291 GC heap before
{Heap before GC invocations=9 (full 1):
 PSYoungGen      total 26112K, used 23200K [0x00000000eab00000, 0x00000000ec980000, 0x0000000100000000)
  eden space 24064K, 88% used [0x00000000eab00000,0x00000000ebfaf978,0x00000000ec280000)
  from space 2048K, 98% used [0x00000000ec400000,0x00000000ec5f8840,0x00000000ec600000)
  to   space 3584K, 0% used [0x00000000ec600000,0x00000000ec600000,0x00000000ec980000)
 ParOldGen       total 68608K, used 7802K [0x00000000c0000000, 0x00000000c4300000, 0x00000000eab00000)
  object space 68608K, 11% used [0x00000000c0000000,0x00000000c079e808,0x00000000c4300000)
 Metaspace       used 35143K, committed 35840K, reserved 1114112K
  class space    used 3565K, committed 3904K, reserved 1048576K
}
Event: 7.294 GC heap after
{Heap after GC invocations=9 (full 1):
 PSYoungGen      total 27136K, used 3553K [0x00000000eab00000, 0x00000000eca80000, 0x0000000100000000)
  eden space 23552K, 0% used [0x00000000eab00000,0x00000000eab00000,0x00000000ec200000)
  from space 3584K, 99% used [0x00000000ec600000,0x00000000ec978610,0x00000000ec980000)
  to   space 4096K, 0% used [0x00000000ec200000,0x00000000ec200000,0x00000000ec600000)
 ParOldGen       total 68608K, used 7845K [0x00000000c0000000, 0x00000000c4300000, 0x00000000eab00000)
  object space 68608K, 11% used [0x00000000c0000000,0x00000000c07a95d8,0x00000000c4300000)
 Metaspace       used 35143K, committed 35840K, reserved 1114112K
  class space    used 3565K, committed 3904K, reserved 1048576K
}
Event: 7.294 GC heap before
{Heap before GC invocations=10 (full 2):
 PSYoungGen      total 27136K, used 3553K [0x00000000eab00000, 0x00000000eca80000, 0x0000000100000000)
  eden space 23552K, 0% used [0x00000000eab00000,0x00000000eab00000,0x00000000ec200000)
  from space 3584K, 99% used [0x00000000ec600000,0x00000000ec978610,0x00000000ec980000)
  to   space 4096K, 0% used [0x00000000ec200000,0x00000000ec200000,0x00000000ec600000)
 ParOldGen       total 68608K, used 7845K [0x00000000c0000000, 0x00000000c4300000, 0x00000000eab00000)
  object space 68608K, 11% used [0x00000000c0000000,0x00000000c07a95d8,0x00000000c4300000)
 Metaspace       used 35143K, committed 35840K, reserved 1114112K
  class space    used 3565K, committed 3904K, reserved 1048576K
}
Event: 7.311 GC heap after
{Heap after GC invocations=10 (full 2):
 PSYoungGen      total 27136K, used 0K [0x00000000eab00000, 0x00000000eca80000, 0x0000000100000000)
  eden space 23552K, 0% used [0x00000000eab00000,0x00000000eab00000,0x00000000ec200000)
  from space 3584K, 0% used [0x00000000ec600000,0x00000000ec600000,0x00000000ec980000)
  to   space 4096K, 0% used [0x00000000ec200000,0x00000000ec200000,0x00000000ec600000)
 ParOldGen       total 68608K, used 10964K [0x00000000c0000000, 0x00000000c4300000, 0x00000000eab00000)
  object space 68608K, 15% used [0x00000000c0000000,0x00000000c0ab53a8,0x00000000c4300000)
 Metaspace       used 35143K, committed 35840K, reserved 1114112K
  class space    used 3565K, committed 3904K, reserved 1048576K
}
Event: 7.616 GC heap before
{Heap before GC invocations=11 (full 2):
 PSYoungGen      total 27136K, used 23552K [0x00000000eab00000, 0x00000000eca80000, 0x0000000100000000)
  eden space 23552K, 100% used [0x00000000eab00000,0x00000000ec200000,0x00000000ec200000)
  from space 3584K, 0% used [0x00000000ec600000,0x00000000ec600000,0x00000000ec980000)
  to   space 4096K, 0% used [0x00000000ec200000,0x00000000ec200000,0x00000000ec600000)
 ParOldGen       total 68608K, used 10964K [0x00000000c0000000, 0x00000000c4300000, 0x00000000eab00000)
  object space 68608K, 15% used [0x00000000c0000000,0x00000000c0ab53a8,0x00000000c4300000)
 Metaspace       used 37538K, committed 38272K, reserved 1114112K
  class space    used 3823K, committed 4160K, reserved 1048576K
}
Event: 7.617 GC heap after
{Heap after GC invocations=11 (full 2):
 PSYoungGen      total 25088K, used 1776K [0x00000000eab00000, 0x00000000ec680000, 0x0000000100000000)
  eden space 23040K, 0% used [0x00000000eab00000,0x00000000eab00000,0x00000000ec180000)
  from space 2048K, 86% used [0x00000000ec200000,0x00000000ec3bc030,0x00000000ec400000)
  to   space 2560K, 0% used [0x00000000ec400000,0x00000000ec400000,0x00000000ec680000)
 ParOldGen       total 68608K, used 10972K [0x00000000c0000000, 0x00000000c4300000, 0x00000000eab00000)
  object space 68608K, 15% used [0x00000000c0000000,0x00000000c0ab73a8,0x00000000c4300000)
 Metaspace       used 37538K, committed 38272K, reserved 1114112K
  class space    used 3823K, committed 4160K, reserved 1048576K
}
Event: 7.676 GC heap before
{Heap before GC invocations=12 (full 2):
 PSYoungGen      total 25088K, used 24816K [0x00000000eab00000, 0x00000000ec680000, 0x0000000100000000)
  eden space 23040K, 100% used [0x00000000eab00000,0x00000000ec180000,0x00000000ec180000)
  from space 2048K, 86% used [0x00000000ec200000,0x00000000ec3bc030,0x00000000ec400000)
  to   space 2560K, 0% used [0x00000000ec400000,0x00000000ec400000,0x00000000ec680000)
 ParOldGen       total 68608K, used 10972K [0x00000000c0000000, 0x00000000c4300000, 0x00000000eab00000)
  object space 68608K, 15% used [0x00000000c0000000,0x00000000c0ab73a8,0x00000000c4300000)
 Metaspace       used 37713K, committed 38400K, reserved 1114112K
  class space    used 3841K, committed 4160K, reserved 1048576K
}
Event: 7.678 GC heap after
{Heap after GC invocations=12 (full 2):
 PSYoungGen      total 25600K, used 2544K [0x00000000eab00000, 0x00000000ec680000, 0x0000000100000000)
  eden space 23040K, 0% used [0x00000000eab00000,0x00000000eab00000,0x00000000ec180000)
  from space 2560K, 99% used [0x00000000ec400000,0x00000000ec67c030,0x00000000ec680000)
  to   space 2048K, 0% used [0x00000000ec200000,0x00000000ec200000,0x00000000ec400000)
 ParOldGen       total 68608K, used 12212K [0x00000000c0000000, 0x00000000c4300000, 0x00000000eab00000)
  object space 68608K, 17% used [0x00000000c0000000,0x00000000c0bed3a8,0x00000000c4300000)
 Metaspace       used 37713K, committed 38400K, reserved 1114112K
  class space    used 3841K, committed 4160K, reserved 1048576K
}
Event: 7.723 GC heap before
{Heap before GC invocations=13 (full 2):
 PSYoungGen      total 25600K, used 25584K [0x00000000eab00000, 0x00000000ec680000, 0x0000000100000000)
  eden space 23040K, 100% used [0x00000000eab00000,0x00000000ec180000,0x00000000ec180000)
  from space 2560K, 99% used [0x00000000ec400000,0x00000000ec67c030,0x00000000ec680000)
  to   space 2048K, 0% used [0x00000000ec200000,0x00000000ec200000,0x00000000ec400000)
 ParOldGen       total 68608K, used 12212K [0x00000000c0000000, 0x00000000c4300000, 0x00000000eab00000)
  object space 68608K, 17% used [0x00000000c0000000,0x00000000c0bed3a8,0x00000000c4300000)
 Metaspace       used 37787K, committed 38592K, reserved 1114112K
  class space    used 3852K, committed 4224K, reserved 1048576K
}
Event: 7.726 GC heap after
{Heap after GC invocations=13 (full 2):
 PSYoungGen      total 25088K, used 2016K [0x00000000eab00000, 0x00000000ec680000, 0x0000000100000000)
  eden space 23040K, 0% used [0x00000000eab00000,0x00000000eab00000,0x00000000ec180000)
  from space 2048K, 98% used [0x00000000ec200000,0x00000000ec3f8020,0x00000000ec400000)
  to   space 2560K, 0% used [0x00000000ec400000,0x00000000ec400000,0x00000000ec680000)
 ParOldGen       total 68608K, used 15433K [0x00000000c0000000, 0x00000000c4300000, 0x00000000eab00000)
  object space 68608K, 22% used [0x00000000c0000000,0x00000000c0f12408,0x00000000c4300000)
 Metaspace       used 37787K, committed 38592K, reserved 1114112K
  class space    used 3852K, committed 4224K, reserved 1048576K
}

Dll operation events (12 events):
Event: 0.066 Loaded shared library c:\Users\doanh\.vscode\extensions\redhat.java-1.26.2023120108-win32-x64\jre\17.0.9-win32-x86_64\bin\java.dll
Event: 0.396 Loaded shared library c:\Users\doanh\.vscode\extensions\redhat.java-1.26.2023120108-win32-x64\jre\17.0.9-win32-x86_64\bin\zip.dll
Event: 0.400 Loaded shared library C:\Users\doanh\.vscode\extensions\redhat.java-1.26.2023120108-win32-x64\jre\17.0.9-win32-x86_64\bin\instrument.dll
Event: 0.413 Loaded shared library C:\Users\doanh\.vscode\extensions\redhat.java-1.26.2023120108-win32-x64\jre\17.0.9-win32-x86_64\bin\net.dll
Event: 0.415 Loaded shared library C:\Users\doanh\.vscode\extensions\redhat.java-1.26.2023120108-win32-x64\jre\17.0.9-win32-x86_64\bin\nio.dll
Event: 0.421 Loaded shared library C:\Users\doanh\.vscode\extensions\redhat.java-1.26.2023120108-win32-x64\jre\17.0.9-win32-x86_64\bin\zip.dll
Event: 0.435 Loaded shared library C:\Users\doanh\.vscode\extensions\redhat.java-1.26.2023120108-win32-x64\jre\17.0.9-win32-x86_64\bin\jimage.dll
Event: 0.566 Loaded shared library c:\Users\doanh\.vscode\extensions\redhat.java-1.26.2023120108-win32-x64\jre\17.0.9-win32-x86_64\bin\verify.dll
Event: 4.661 Loaded shared library C:\Users\doanh\AppData\Roaming\Code\User\globalStorage\redhat.java\1.26.2023120108\config_ss_win\org.eclipse.equinox.launcher\org.eclipse.equinox.launcher.win32.win32.x86_64_1.2.800.v20231003-1442\eclipse_11802.dll
Event: 5.152 Loaded shared library C:\Users\doanh\.vscode\extensions\redhat.java-1.26.2023120108-win32-x64\jre\17.0.9-win32-x86_64\bin\management.dll
Event: 5.156 Loaded shared library C:\Users\doanh\.vscode\extensions\redhat.java-1.26.2023120108-win32-x64\jre\17.0.9-win32-x86_64\bin\management_ext.dll
Event: 6.531 Loaded shared library C:\Users\doanh\AppData\Local\Temp\jna-95755632\jna14910887133500036608.dll

Deoptimization events (20 events):
Event: 7.583 Thread 0x000002cef1dec510 DEOPT PACKING pc=0x000002cee0c27148 sp=0x000000ec08bfe3b0
Event: 7.583 Thread 0x000002cef1dec510 DEOPT UNPACKING pc=0x000002cee0449ea3 sp=0x000000ec08bfe328 mode 2
Event: 7.604 Thread 0x000002cef1dec510 Uncommon trap: trap_request=0xffffff45 fr.pc=0x000002cee0bbd218 relative=0x0000000000000258
Event: 7.604 Thread 0x000002cef1dec510 Uncommon trap: reason=unstable_if action=reinterpret pc=0x000002cee0bbd218 method=java.util.HashMap.getNode(Ljava/lang/Object;)Ljava/util/HashMap$Node; @ 66 c2
Event: 7.604 Thread 0x000002cef1dec510 DEOPT PACKING pc=0x000002cee0bbd218 sp=0x000000ec08bfe370
Event: 7.604 Thread 0x000002cef1dec510 DEOPT UNPACKING pc=0x000002cee0449ea3 sp=0x000000ec08bfe2f0 mode 2
Event: 7.662 Thread 0x000002cef1dec510 Uncommon trap: trap_request=0xffffff45 fr.pc=0x000002cee0caae24 relative=0x0000000000000264
Event: 7.663 Thread 0x000002cef1dec510 Uncommon trap: reason=unstable_if action=reinterpret pc=0x000002cee0caae24 method=java.util.HashMap.getNode(Ljava/lang/Object;)Ljava/util/HashMap$Node; @ 131 c2
Event: 7.663 Thread 0x000002cef1dec510 DEOPT PACKING pc=0x000002cee0caae24 sp=0x000000ec08bfe3b0
Event: 7.663 Thread 0x000002cef1dec510 DEOPT UNPACKING pc=0x000002cee0449ea3 sp=0x000000ec08bfe2d0 mode 2
Event: 7.663 Thread 0x000002cef1dec510 Uncommon trap: trap_request=0xffffff45 fr.pc=0x000002cee0ca9fdc relative=0x000000000000051c
Event: 7.663 Thread 0x000002cef1dec510 Uncommon trap: reason=unstable_if action=reinterpret pc=0x000002cee0ca9fdc method=java.util.HashMap.getNode(Ljava/lang/Object;)Ljava/util/HashMap$Node; @ 131 c2
Event: 7.663 Thread 0x000002cef1dec510 DEOPT PACKING pc=0x000002cee0ca9fdc sp=0x000000ec08bfe370
Event: 7.663 Thread 0x000002cef1dec510 DEOPT UNPACKING pc=0x000002cee0449ea3 sp=0x000000ec08bfe2f0 mode 2
Event: 7.690 Thread 0x000002cef1dec510 DEOPT PACKING pc=0x000002ced92d4588 sp=0x000000ec08bfe3c0
Event: 7.690 Thread 0x000002cef1dec510 DEOPT UNPACKING pc=0x000002cee044a9e3 sp=0x000000ec08bfd8c8 mode 0
Event: 7.715 Thread 0x000002cef1dec510 Uncommon trap: trap_request=0xffffff45 fr.pc=0x000002cee0b65fac relative=0x000000000000028c
Event: 7.715 Thread 0x000002cef1dec510 Uncommon trap: reason=unstable_if action=reinterpret pc=0x000002cee0b65fac method=java.util.HashMap$HashIterator.<init>(Ljava/util/HashMap;)V @ 45 c2
Event: 7.715 Thread 0x000002cef1dec510 DEOPT PACKING pc=0x000002cee0b65fac sp=0x000000ec08bfef40
Event: 7.716 Thread 0x000002cef1dec510 DEOPT UNPACKING pc=0x000002cee0449ea3 sp=0x000000ec08bfeed8 mode 2

Classes unloaded (7 events):
Event: 5.255 Thread 0x000002ced419ec90 Unloading class 0x000000010021a000 'java/lang/invoke/LambdaForm$MH+0x000000010021a000'
Event: 5.255 Thread 0x000002ced419ec90 Unloading class 0x0000000100219c00 'java/lang/invoke/LambdaForm$MH+0x0000000100219c00'
Event: 5.255 Thread 0x000002ced419ec90 Unloading class 0x0000000100219800 'java/lang/invoke/LambdaForm$MH+0x0000000100219800'
Event: 5.255 Thread 0x000002ced419ec90 Unloading class 0x0000000100219400 'java/lang/invoke/LambdaForm$MH+0x0000000100219400'
Event: 5.255 Thread 0x000002ced419ec90 Unloading class 0x0000000100219000 'java/lang/invoke/LambdaForm$BMH+0x0000000100219000'
Event: 5.255 Thread 0x000002ced419ec90 Unloading class 0x0000000100218c00 'java/lang/invoke/LambdaForm$DMH+0x0000000100218c00'
Event: 5.255 Thread 0x000002ced419ec90 Unloading class 0x0000000100216000 'java/lang/invoke/LambdaForm$DMH+0x0000000100216000'

Classes redefined (0 events):
No events

Internal exceptions (20 events):
Event: 7.391 Thread 0x000002cef1dec510 Exception <a 'sun/nio/fs/WindowsException'{0x00000000eb16b258}> (0x00000000eb16b258) 
thrown [s\src\hotspot\share\prims\jni.cpp, line 516]
Event: 7.391 Thread 0x000002cef1dec510 Exception <a 'sun/nio/fs/WindowsException'{0x00000000eb171018}> (0x00000000eb171018) 
thrown [s\src\hotspot\share\prims\jni.cpp, line 516]
Event: 7.393 Thread 0x000002cef1dec510 Exception <a 'sun/nio/fs/WindowsException'{0x00000000eb17dcd8}> (0x00000000eb17dcd8) 
thrown [s\src\hotspot\share\prims\jni.cpp, line 516]
Event: 7.407 Thread 0x000002cef1dec510 Exception <a 'sun/nio/fs/WindowsException'{0x00000000eb1dca80}> (0x00000000eb1dca80) 
thrown [s\src\hotspot\share\prims\jni.cpp, line 516]
Event: 7.419 Thread 0x000002cef1dec510 Exception <a 'sun/nio/fs/WindowsException'{0x00000000eb22cb98}> (0x00000000eb22cb98) 
thrown [s\src\hotspot\share\prims\jni.cpp, line 516]
Event: 7.420 Thread 0x000002cef1dec510 Exception <a 'sun/nio/fs/WindowsException'{0x00000000eb233ab0}> (0x00000000eb233ab0) 
thrown [s\src\hotspot\share\prims\jni.cpp, line 516]
Event: 7.423 Thread 0x000002cef1dec510 Exception <a 'sun/nio/fs/WindowsException'{0x00000000eb2446e0}> (0x00000000eb2446e0) 
thrown [s\src\hotspot\share\prims\jni.cpp, line 516]
Event: 7.423 Thread 0x000002cef1dec510 Exception <a 'sun/nio/fs/WindowsException'{0x00000000eb246040}> (0x00000000eb246040) 
thrown [s\src\hotspot\share\prims\jni.cpp, line 516]
Event: 7.423 Thread 0x000002cef1dec510 Exception <a 'sun/nio/fs/WindowsException'{0x00000000eb246558}> (0x00000000eb246558) 
thrown [s\src\hotspot\share\prims\jni.cpp, line 516]
Event: 7.423 Thread 0x000002cef1dec510 Exception <a 'sun/nio/fs/WindowsException'{0x00000000eb246990}> (0x00000000eb246990) 
thrown [s\src\hotspot\share\prims\jni.cpp, line 516]
Event: 7.423 Thread 0x000002cef1dec510 Exception <a 'sun/nio/fs/WindowsException'{0x00000000eb247398}> (0x00000000eb247398) 
thrown [s\src\hotspot\share\prims\jni.cpp, line 516]
Event: 7.425 Thread 0x000002cef1dec510 Exception <a 'java/io/FileNotFoundException'{0x00000000eb250f88}> (0x00000000eb250f88) 
thrown [s\src\hotspot\share\prims\jni.cpp, line 516]
Event: 7.429 Thread 0x000002cef1dec510 Exception <a 'sun/nio/fs/WindowsException'{0x00000000eb29d838}> (0x00000000eb29d838) 
thrown [s\src\hotspot\share\prims\jni.cpp, line 516]
Event: 7.440 Thread 0x000002cef1dec510 Exception <a 'java/io/FileNotFoundException'{0x00000000eb2ffc78}> (0x00000000eb2ffc78) 
thrown [s\src\hotspot\share\prims\jni.cpp, line 516]
Event: 7.441 Thread 0x000002cef1dec510 Exception <a 'java/io/FileNotFoundException'{0x00000000eb30dbc0}> (0x00000000eb30dbc0) 
thrown [s\src\hotspot\share\prims\jni.cpp, line 516]
Event: 7.441 Thread 0x000002cef1dec510 Exception <a 'java/io/FileNotFoundException'{0x00000000eb30eea8}> (0x00000000eb30eea8) 
thrown [s\src\hotspot\share\prims\jni.cpp, line 516]
Event: 7.443 Thread 0x000002cef1dec510 Exception <a 'sun/nio/fs/WindowsException'{0x00000000eb31d858}> (0x00000000eb31d858) 
thrown [s\src\hotspot\share\prims\jni.cpp, line 516]
Event: 7.483 Thread 0x000002cef1dec510 Exception <a 'java/lang/NoSuchMethodError'{0x00000000eb527780}: 'java.lang.Object java.lang.invoke.Invokers$Holder.invoke_MT(java.lang.Object, java.lang.Object, java.lang.Object)'> (0x00000000eb527780) 
thrown [s\src\hotspot\share\interpreter\linkResolver.cpp, line 759]
Event: 7.643 Thread 0x000002cef1dec510 Exception <a 'java/io/FileNotFoundException'{0x00000000eb444ad0}> (0x00000000eb444ad0) 
thrown [s\src\hotspot\share\prims\jni.cpp, line 516]
Event: 7.644 Thread 0x000002cef1dec510 Exception <a 'java/lang/NoSuchMethodError'{0x00000000eb450e20}: 'void java.lang.invoke.DirectMethodHandle$Holder.invokeStaticInit(java.lang.Object, java.lang.Object, java.lang.Object)'> (0x00000000eb450e20) 
thrown [s\src\hotspot\share\interpreter\linkResolver.cpp, line 759]

VM Operations (20 events):
Event: 6.954 Executing VM operation: HandshakeAllThreads
Event: 6.954 Executing VM operation: HandshakeAllThreads done
Event: 7.291 Executing VM operation: CollectForMetadataAllocation
Event: 7.311 Executing VM operation: CollectForMetadataAllocation done
Event: 7.454 Executing VM operation: HandshakeAllThreads
Event: 7.454 Executing VM operation: HandshakeAllThreads done
Event: 7.491 Executing VM operation: HandshakeAllThreads
Event: 7.491 Executing VM operation: HandshakeAllThreads done
Event: 7.491 Executing VM operation: HandshakeAllThreads
Event: 7.491 Executing VM operation: HandshakeAllThreads done
Event: 7.599 Executing VM operation: HandshakeAllThreads
Event: 7.599 Executing VM operation: HandshakeAllThreads done
Event: 7.606 Executing VM operation: ICBufferFull
Event: 7.606 Executing VM operation: ICBufferFull done
Event: 7.616 Executing VM operation: ParallelGCFailedAllocation
Event: 7.618 Executing VM operation: ParallelGCFailedAllocation done
Event: 7.676 Executing VM operation: ParallelGCFailedAllocation
Event: 7.678 Executing VM operation: ParallelGCFailedAllocation done
Event: 7.723 Executing VM operation: ParallelGCFailedAllocation
Event: 7.726 Executing VM operation: ParallelGCFailedAllocation done

Events (20 events):
Event: 7.514 loading class java/nio/file/FileTreeWalker$DirectoryNode
Event: 7.514 loading class java/nio/file/FileTreeWalker$DirectoryNode done
Event: 7.514 loading class java/nio/file/FileTreeWalker$Event
Event: 7.514 loading class java/nio/file/FileTreeWalker$Event done
Event: 7.514 loading class java/nio/file/FileTreeWalker$EventType
Event: 7.515 loading class java/nio/file/FileTreeWalker$EventType done
Event: 7.515 loading class java/nio/file/Files$3
Event: 7.515 loading class java/nio/file/Files$3 done
Event: 7.515 loading class java/nio/file/FileVisitResult
Event: 7.515 loading class java/nio/file/FileVisitResult done
Event: 7.543 loading class java/util/regex/Pattern$BackRef
Event: 7.544 loading class java/util/regex/Pattern$BackRef done
Event: 7.554 loading class java/lang/ThreadLocal$SuppliedThreadLocal
Event: 7.554 loading class java/lang/ThreadLocal$SuppliedThreadLocal done
Event: 7.591 loading class java/nio/channels/Channels$ReadableByteChannelImpl
Event: 7.591 loading class java/nio/channels/Channels$ReadableByteChannelImpl done
Event: 7.592 loading class java/nio/channels/NonWritableChannelException
Event: 7.592 loading class java/nio/channels/NonWritableChannelException done
Event: 7.592 loading class sun/nio/ch/ChannelInputStream
Event: 7.592 loading class sun/nio/ch/ChannelInputStream done


Dynamic libraries:
0x00007ff611720000 - 0x00007ff61172e000 	c:\Users\doanh\.vscode\extensions\redhat.java-1.26.2023120108-win32-x64\jre\17.0.9-win32-x86_64\bin\java.exe
0x00007fff715d0000 - 0x00007fff717c8000 	C:\WINDOWS\SYSTEM32\ntdll.dll
0x00007fff714d0000 - 0x00007fff7158d000 	C:\WINDOWS\System32\KERNEL32.DLL
0x00007fff6eeb0000 - 0x00007fff6f1a6000 	C:\WINDOWS\System32\KERNELBASE.dll
0x00007fff6ed40000 - 0x00007fff6ee40000 	C:\WINDOWS\System32\ucrtbase.dll
0x00007fff45480000 - 0x00007fff4549b000 	c:\Users\doanh\.vscode\extensions\redhat.java-1.26.2023120108-win32-x64\jre\17.0.9-win32-x86_64\bin\VCRUNTIME140.dll
0x00007fff3b460000 - 0x00007fff3b477000 	c:\Users\doanh\.vscode\extensions\redhat.java-1.26.2023120108-win32-x64\jre\17.0.9-win32-x86_64\bin\jli.dll
0x00007fff6f630000 - 0x00007fff6f7ce000 	C:\WINDOWS\System32\USER32.dll
0x00007fff6f560000 - 0x00007fff6f582000 	C:\WINDOWS\System32\win32u.dll
0x00007fff4dbe0000 - 0x00007fff4de7a000 	C:\WINDOWS\WinSxS\amd64_microsoft.windows.common-controls_6595b64144ccf1df_6.0.19041.3636_none_60b6a03d71f818d5\COMCTL32.dll
0x00007fff714a0000 - 0x00007fff714cc000 	C:\WINDOWS\System32\GDI32.dll
0x00007fff6f340000 - 0x00007fff6f45a000 	C:\WINDOWS\System32\gdi32full.dll
0x00007fff6f590000 - 0x00007fff6f62d000 	C:\WINDOWS\System32\msvcp_win.dll
0x00007fff701f0000 - 0x00007fff7028e000 	C:\WINDOWS\System32\msvcrt.dll
0x00007fff702a0000 - 0x00007fff702d0000 	C:\WINDOWS\System32\IMM32.DLL
0x00007fff45470000 - 0x00007fff4547c000 	c:\Users\doanh\.vscode\extensions\redhat.java-1.26.2023120108-win32-x64\jre\17.0.9-win32-x86_64\bin\vcruntime140_1.dll
0x00007fff07050000 - 0x00007fff070dd000 	c:\Users\doanh\.vscode\extensions\redhat.java-1.26.2023120108-win32-x64\jre\17.0.9-win32-x86_64\bin\msvcp140.dll
0x00007ffecf5e0000 - 0x00007ffed0241000 	c:\Users\doanh\.vscode\extensions\redhat.java-1.26.2023120108-win32-x64\jre\17.0.9-win32-x86_64\bin\server\jvm.dll
0x00007fff70a80000 - 0x00007fff70b2f000 	C:\WINDOWS\System32\ADVAPI32.dll
0x00007fff6fef0000 - 0x00007fff6ff8c000 	C:\WINDOWS\System32\sechost.dll
0x00007fff6fc20000 - 0x00007fff6fd46000 	C:\WINDOWS\System32\RPCRT4.dll
0x00007fff6e240000 - 0x00007fff6e28b000 	C:\WINDOWS\SYSTEM32\POWRPROF.dll
0x00007fff50050000 - 0x00007fff50077000 	C:\WINDOWS\SYSTEM32\WINMM.dll
0x00007fff598f0000 - 0x00007fff598fa000 	C:\WINDOWS\SYSTEM32\VERSION.dll
0x00007fff67eb0000 - 0x00007fff67eb9000 	C:\WINDOWS\SYSTEM32\WSOCK32.dll
0x00007fff700b0000 - 0x00007fff7011b000 	C:\WINDOWS\System32\ws2_32.DLL
0x00007fff6e0a0000 - 0x00007fff6e0b2000 	C:\WINDOWS\SYSTEM32\UMPDC.dll
0x00007fff6d4c0000 - 0x00007fff6d4d2000 	C:\WINDOWS\SYSTEM32\kernel.appcore.dll
0x00007fff453d0000 - 0x00007fff453da000 	c:\Users\doanh\.vscode\extensions\redhat.java-1.26.2023120108-win32-x64\jre\17.0.9-win32-x86_64\bin\jimage.dll
0x00007fff6ca40000 - 0x00007fff6cc24000 	C:\WINDOWS\SYSTEM32\DBGHELP.DLL
0x00007fff48a40000 - 0x00007fff48a74000 	C:\WINDOWS\SYSTEM32\dbgcore.DLL
0x00007fff6ecb0000 - 0x00007fff6ed32000 	C:\WINDOWS\System32\bcryptPrimitives.dll
0x00007fff3b6b0000 - 0x00007fff3b6be000 	c:\Users\doanh\.vscode\extensions\redhat.java-1.26.2023120108-win32-x64\jre\17.0.9-win32-x86_64\bin\instrument.dll
0x00007fff328b0000 - 0x00007fff328d5000 	c:\Users\doanh\.vscode\extensions\redhat.java-1.26.2023120108-win32-x64\jre\17.0.9-win32-x86_64\bin\java.dll
0x00007fff36420000 - 0x00007fff36438000 	c:\Users\doanh\.vscode\extensions\redhat.java-1.26.2023120108-win32-x64\jre\17.0.9-win32-x86_64\bin\zip.dll
0x00007fff702d0000 - 0x00007fff70a14000 	C:\WINDOWS\System32\SHELL32.dll
0x00007fff6cc30000 - 0x00007fff6d3cb000 	C:\WINDOWS\SYSTEM32\windows.storage.dll
0x00007fff6f7d0000 - 0x00007fff6fb24000 	C:\WINDOWS\System32\combase.dll
0x00007fff6e6f0000 - 0x00007fff6e71d000 	C:\WINDOWS\SYSTEM32\Wldp.dll
0x00007fff70000000 - 0x00007fff700ad000 	C:\WINDOWS\System32\SHCORE.dll
0x00007fff70a20000 - 0x00007fff70a75000 	C:\WINDOWS\System32\shlwapi.dll
0x00007fff6ebe0000 - 0x00007fff6ec05000 	C:\WINDOWS\SYSTEM32\profapi.dll
0x00007fff327f0000 - 0x00007fff32809000 	C:\Users\doanh\.vscode\extensions\redhat.java-1.26.2023120108-win32-x64\jre\17.0.9-win32-x86_64\bin\net.dll
0x00007fff64940000 - 0x00007fff64a4a000 	C:\WINDOWS\SYSTEM32\WINHTTP.dll
0x00007fff6e430000 - 0x00007fff6e49a000 	C:\WINDOWS\system32\mswsock.dll
0x00007fff32320000 - 0x00007fff32336000 	C:\Users\doanh\.vscode\extensions\redhat.java-1.26.2023120108-win32-x64\jre\17.0.9-win32-x86_64\bin\nio.dll
0x00007fff36470000 - 0x00007fff36480000 	c:\Users\doanh\.vscode\extensions\redhat.java-1.26.2023120108-win32-x64\jre\17.0.9-win32-x86_64\bin\verify.dll
0x00007fff2f640000 - 0x00007fff2f67e000 	C:\Users\doanh\AppData\Roaming\Code\User\globalStorage\redhat.java\1.26.2023120108\config_ss_win\org.eclipse.equinox.launcher\org.eclipse.equinox.launcher.win32.win32.x86_64_1.2.800.v20231003-1442\eclipse_11802.dll
0x00007fff70d60000 - 0x00007fff70e8b000 	C:\WINDOWS\System32\ole32.dll
0x00007fff35890000 - 0x00007fff35899000 	C:\Users\doanh\.vscode\extensions\redhat.java-1.26.2023120108-win32-x64\jre\17.0.9-win32-x86_64\bin\management.dll
0x00007fff34ed0000 - 0x00007fff34edb000 	C:\Users\doanh\.vscode\extensions\redhat.java-1.26.2023120108-win32-x64\jre\17.0.9-win32-x86_64\bin\management_ext.dll
0x00007fff6ff90000 - 0x00007fff6ff98000 	C:\WINDOWS\System32\PSAPI.DLL
0x00007fff6e640000 - 0x00007fff6e658000 	C:\WINDOWS\SYSTEM32\CRYPTSP.dll
0x00007fff6dcd0000 - 0x00007fff6dd04000 	C:\WINDOWS\system32\rsaenh.dll
0x00007fff6f1b0000 - 0x00007fff6f1d7000 	C:\WINDOWS\System32\bcrypt.dll
0x00007fff6eba0000 - 0x00007fff6ebce000 	C:\WINDOWS\SYSTEM32\USERENV.dll
0x00007fff6e660000 - 0x00007fff6e66c000 	C:\WINDOWS\SYSTEM32\CRYPTBASE.dll
0x00007fff6e0c0000 - 0x00007fff6e0fb000 	C:\WINDOWS\SYSTEM32\IPHLPAPI.DLL
0x00007fff70290000 - 0x00007fff70298000 	C:\WINDOWS\System32\NSI.dll
0x00007fff64f30000 - 0x00007fff64f47000 	C:\WINDOWS\SYSTEM32\dhcpcsvc6.DLL
0x00007fff65780000 - 0x00007fff6579d000 	C:\WINDOWS\SYSTEM32\dhcpcsvc.DLL
0x00007fff6e120000 - 0x00007fff6e1ea000 	C:\WINDOWS\SYSTEM32\DNSAPI.dll
0x00007fff07000000 - 0x00007fff07045000 	C:\Users\doanh\AppData\Local\Temp\jna-95755632\jna14910887133500036608.dll

dbghelp: loaded successfully - version: 4.0.5 - missing functions: none
symbol engine: initialized successfully - sym options: 0x614 - pdb path: .;c:\Users\doanh\.vscode\extensions\redhat.java-1.26.2023120108-win32-x64\jre\17.0.9-win32-x86_64\bin;C:\WINDOWS\SYSTEM32;C:\WINDOWS\WinSxS\amd64_microsoft.windows.common-controls_6595b64144ccf1df_6.0.19041.3636_none_60b6a03d71f818d5;c:\Users\doanh\.vscode\extensions\redhat.java-1.26.2023120108-win32-x64\jre\17.0.9-win32-x86_64\bin\server;C:\Users\doanh\AppData\Roaming\Code\User\globalStorage\redhat.java\1.26.2023120108\config_ss_win\org.eclipse.equinox.launcher\org.eclipse.equinox.launcher.win32.win32.x86_64_1.2.800.v20231003-1442;C:\Users\doanh\AppData\Local\Temp\jna-95755632

VM Arguments:
jvm_args: --add-modules=ALL-SYSTEM --add-opens=java.base/java.util=ALL-UNNAMED --add-opens=java.base/java.lang=ALL-UNNAMED --add-opens=java.base/sun.nio.fs=ALL-UNNAMED -Declipse.application=org.eclipse.jdt.ls.core.id1 -Dosgi.bundles.defaultStartLevel=4 -Declipse.product=org.eclipse.jdt.ls.core.product -Djava.import.generatesMetadataFilesAtProjectRoot=false -DDetectVMInstallationsJob.disabled=true -Dfile.encoding=utf8 -XX:+UseParallelGC -XX:GCTimeRatio=4 -XX:AdaptiveSizePolicyWeight=90 -Dsun.zip.disableMemoryMapping=true -Xmx1G -Xms100m -Xlog:disable -javaagent:c:\Users\doanh\.vscode\extensions\redhat.java-1.26.2023120108-win32-x64\lombok\lombok-1.18.30.jar 
java_command: c:\Users\doanh\.vscode\extensions\redhat.java-1.26.2023120108-win32-x64\server\plugins\org.eclipse.equinox.launcher_1.6.600.v20231012-1237.jar -configuration c:\Users\doanh\AppData\Roaming\Code\User\globalStorage\redhat.java\1.26.2023120108\config_ss_win -data c:\Users\doanh\AppData\Roaming\Code\User\workspaceStorage\43db21470ae4ab1f23d540cffe5cbeaf\redhat.java\ss_ws --pipe=\\.\pipe\lsp-c08070d99b75458304806e31b0635b0e-sock
java_class_path (initial): c:\Users\doanh\.vscode\extensions\redhat.java-1.26.2023120108-win32-x64\server\plugins\org.eclipse.equinox.launcher_1.6.600.v20231012-1237.jar
Launcher Type: SUN_STANDARD

[Global flags]
    uintx AdaptiveSizePolicyWeight                 = 90                                        {product} {command line}
     intx CICompilerCount                          = 12                                        {product} {ergonomic}
    uintx GCTimeRatio                              = 4                                         {product} {command line}
   size_t InitialHeapSize                          = 104857600                                 {product} {command line}
   size_t MaxHeapSize                              = 1073741824                                {product} {command line}
   size_t MaxNewSize                               = 357564416                                 {product} {ergonomic}
   size_t MinHeapDeltaBytes                        = 524288                                    {product} {ergonomic}
   size_t MinHeapSize                              = 104857600                                 {product} {command line}
   size_t NewSize                                  = 34603008                                  {product} {ergonomic}
    uintx NonNMethodCodeHeapSize                   = 7602480                                {pd product} {ergonomic}
    uintx NonProfiledCodeHeapSize                  = 122027880                              {pd product} {ergonomic}
   size_t OldSize                                  = 70254592                                  {product} {ergonomic}
    uintx ProfiledCodeHeapSize                     = 122027880                              {pd product} {ergonomic}
    uintx ReservedCodeCacheSize                    = 251658240                              {pd product} {ergonomic}
     bool SegmentedCodeCache                       = true                                      {product} {ergonomic}
   size_t SoftMaxHeapSize                          = 1073741824                             {manageable} {ergonomic}
     bool UseCompressedClassPointers               = true                           {product lp64_product} {ergonomic}
     bool UseCompressedOops                        = true                           {product lp64_product} {ergonomic}
     bool UseLargePagesIndividualAllocation        = false                                  {pd product} {ergonomic}
     bool UseParallelGC                            = true                                      {product} {command line}

Logging:
Log output configuration:
 #0: stdout all=off uptime,level,tags
 #1: stderr all=off uptime,level,tags

Environment Variables:
PATH=C:\ProgramData\Oracle\Java\javapath;C:\Program Files\Java\jdk-17.0.1\bin;C:\Program Files\Common Files\Oracle\Java\javapath;C:\Program Files (x86)\Common Files\Oracle\Java\javapath;C:\Windows\system32;C:\Windows;C:\Windows\System32\Wbem;C:\Windows\System32\WindowsPowerShell\v1.0\;C:\Windows\System32\OpenSSH\;C:\Program Files (x86)\NVIDIA Corporation\PhysX\Common;C:\Program Files\NVIDIA Corporation\NVIDIA NvDLISR;C:\WINDOWS\system32;C:\WINDOWS;C:\WINDOWS\System32\Wbem;C:\WINDOWS\System32\WindowsPowerShell\v1.0\;C:\WINDOWS\System32\OpenSSH\;C:\MinGW\bin;C:\Program Files\Microsoft SQL Server\Client SDK\ODBC\170\Tools\Binn\;C:\Program Files (x86)\Microsoft SQL Server\150\Tools\Binn\;C:\Program Files\Microsoft SQL Server\150\Tools\Binn\;C:\Program Files\Microsoft SQL Server\150\DTS\Binn\;C:\Program Files (x86)\Microsoft SQL Server\160\DTS\Binn\;C:\Program Files\Git\cmd;C:\Program Files\nodejs\;C:\Program Files\Docker\Docker\resources\bin;D:\flutter\bin;C:\Users\doanh\AppData\Local\Programs\Microsoft VS Code\bin
USERNAME=doanh
OS=Windows_NT
PROCESSOR_IDENTIFIER=Intel64 Family 6 Model 141 Stepping 1, GenuineIntel
TMP=C:\Users\doanh\AppData\Local\Temp
TEMP=C:\Users\doanh\AppData\Local\Temp



Periodic native trim disabled


---------------  S Y S T E M  ---------------

OS:
 Windows 10 , 64 bit Build 19041 (10.0.19041.3636)
OS uptime: 0 days 2:53 hours
Hyper-V role detected

CPU: total 16 (initial active 16) (8 cores per cpu, 2 threads per core) family 6 model 141 stepping 1 microcode 0x3c, cx8, cmov, fxsr, ht, mmx, 3dnowpref, sse, sse2, sse3, ssse3, sse4.1, sse4.2, popcnt, lzcnt, tsc, tscinvbit, avx, avx2, aes, erms, clmul, bmi1, bmi2, adx, avx512f, avx512dq, avx512cd, avx512bw, avx512vl, sha, fma, vzeroupper, avx512_vpopcntdq, avx512_vpclmulqdq, avx512_vaes, avx512_vnni, clflush, clflushopt, clwb, avx512_vbmi2, avx512_vbmi, hv
Processor Information for all 16 processors :
  Max Mhz: 2304, Current Mhz: 2304, Mhz Limit: 2304

Memory: 4k page, system-wide physical 7955M (140M free)
TotalPageFile size 32531M (AvailPageFile size 4M)
current process WorkingSet (physical memory assigned to process): 155M, peak: 155M
current process commit charge ("private bytes"): 266M, peak: 271M

vm_info: OpenJDK 64-Bit Server VM (17.0.9+9) for windows-amd64 JRE (17.0.9+9), built on Oct 26 2023 14:01:42 by "admin" with MS VC++ 16.10 / 16.11 (VS2019)

END.
